<?xml version="1.0" encoding="UTF-8"?>
<!-- Generated by org.testng.reporters.JUnitXMLReporter -->
<testsuite ignored="3" hostname="DESKTOP-I16IA9O" failures="1" tests="10" name="Default test" time="71.021" errors="0" timestamp="2026-05-07T20:57:10 IST">
  <testcase classname="com.swaglabs.testscripts.LoginpageTest" name="verifyLoginBtnFunctionalityWithValidCredentials" time="4.678"/>
  <testcase classname="com.swaglabs.testscripts.LoginpageTest" name="verifyLoginBtnFunctionalityWithValidCredentials" time="4.36"/>
  <testcase classname="com.swaglabs.testscripts.LoginpageTest" name="verifyLoginBtnFunctionalityWithValidCredentials" time="3.627"/>
  <testcase classname="com.swaglabs.testscripts.LoginpageTest" name="verifyLoginBtnFunctionalityWithValidCredentials" time="3.598"/>
  <testcase classname="com.swaglabs.testscripts.LoginpageTest" name="verifyLoginBtnFunctionalityWithValidCredentials" time="3.574"/>
  <testcase classname="com.swaglabs.testscripts.LoginpageTest" name="verifyLoginBtnFunctionalityWithValidCredentials" time="3.823"/>
  <testcase classname="com.swaglabs.testscripts.LoginpageTest" name="verifyLoginBtnFunctionalityWithValidCredentials" time="3.653"/>
  <testcase classname="com.swaglabs.testscripts.LoginpageTest" name="verifyLoginBtnFunctionalityWithValidCredentials" time="3.903"/>
  <testcase classname="com.swaglabs.testscripts.LoginpageTest" name="verifyLoginBtnFunctionalityWithValidCredentials" time="3.571"/>
  <testcase classname="com.swaglabs.testscripts.LoginpageTest" name="verifyLoginBtnFunctionalityWithValidCredentials" time="4.739">
    <failure type="java.lang.AssertionError" message="expected [true] but found [false]">
      <![CDATA[java.lang.AssertionError: expected [true] but found [false]
at org.testng.Assert.fail(Assert.java:111)
at org.testng.Assert.failNotEquals(Assert.java:1578)
at org.testng.Assert.assertTrue(Assert.java:57)
at org.testng.Assert.assertTrue(Assert.java:67)
at com.swaglabs.testscripts.LoginpageTest.verifyLoginBtnFunctionalityWithValidCredentials(LoginpageTest.java:113)
at java.base/jdk.internal.reflect.NativeMethodAccessorImpl.invoke0(Native Method)
at java.base/jdk.internal.reflect.NativeMethodAccessorImpl.invoke(NativeMethodAccessorImpl.java:77)
at java.base/jdk.internal.reflect.DelegatingMethodAccessorImpl.invoke(DelegatingMethodAccessorImpl.java:43)
at java.base/java.lang.reflect.Method.invoke(Method.java:568)
at org.testng.internal.invokers.MethodInvocationHelper.invokeMethod(MethodInvocationHelper.java:139)
at org.testng.internal.invokers.TestInvoker.invokeMethod(TestInvoker.java:664)
at org.testng.internal.invokers.TestInvoker.invokeTestMethod(TestInvoker.java:228)
at org.testng.internal.invokers.MethodRunner.runInSequence(MethodRunner.java:63)
at org.testng.internal.invokers.TestInvoker$MethodInvocationAgent.invoke(TestInvoker.java:961)
at org.testng.internal.invokers.TestInvoker.invokeTestMethods(TestInvoker.java:201)
at org.testng.internal.invokers.TestMethodWorker.invokeTestMethods(TestMethodWorker.java:148)
at org.testng.internal.invokers.TestMethodWorker.run(TestMethodWorker.java:128)
at java.base/java.util.ArrayList.forEach(ArrayList.java:1511)
at org.testng.TestRunner.privateRun(TestRunner.java:819)
at org.testng.TestRunner.run(TestRunner.java:619)
at org.testng.SuiteRunner.runTest(SuiteRunner.java:443)
at org.testng.SuiteRunner.runSequentially(SuiteRunner.java:437)
at org.testng.SuiteRunner.privateRun(SuiteRunner.java:397)
at org.testng.SuiteRunner.run(SuiteRunner.java:336)
at org.testng.SuiteRunnerWorker.runSuite(SuiteRunnerWorker.java:52)
at org.testng.SuiteRunnerWorker.run(SuiteRunnerWorker.java:95)
at org.testng.TestNG.runSuitesSequentially(TestNG.java:1301)
at org.testng.TestNG.runSuitesLocally(TestNG.java:1228)
at org.testng.TestNG.runSuites(TestNG.java:1134)
at org.testng.TestNG.run(TestNG.java:1101)
at org.testng.remote.AbstractRemoteTestNG.run(AbstractRemoteTestNG.java:115)
at org.testng.remote.RemoteTestNG.initAndRun(RemoteTestNG.java:293)
at org.testng.remote.RemoteTestNG.main(RemoteTestNG.java:91)
]]>
    </failure>
  </testcase> <!-- verifyLoginBtnFunctionalityWithValidCredentials -->
  <testcase classname="com.swaglabs.testscripts.LoginpageTest" name="verifyLoginBtnFunctionalityWithBlankPassword" time="0.0">
    <ignored/>
  </testcase> <!-- verifyLoginBtnFunctionalityWithBlankPassword -->
  <testcase classname="com.swaglabs.testscripts.LoginpageTest" name="verifyLoginBtnFunctionalityWithInvalidCredentials" time="0.0">
    <ignored/>
  </testcase> <!-- verifyLoginBtnFunctionalityWithInvalidCredentials -->
  <testcase classname="com.swaglabs.testscripts.LoginpageTest" name="verifyLoginBtnFunctionalityWithBlankUsername" time="0.0">
    <ignored/>
  </testcase> <!-- verifyLoginBtnFunctionalityWithBlankUsername -->
</testsuite> <!-- Default test -->
