<?xml version="1.0" encoding="UTF-8"?>
<!-- Generated by org.testng.reporters.JUnitXMLReporter -->
<testsuite ignored="2" hostname="DESKTOP-I16IA9O" failures="1" tests="11" name="Test" time="113.33" errors="0" timestamp="2026-05-07T21:16:08 IST">
  <testcase classname="com.swaglabs.testscripts.LoginpageTest" name="verifyLoginBtnFunctionalityWithBlankPassword" time="4.766"/>
  <testcase classname="com.swaglabs.testscripts.LoginpageTest" name="verifyLoginBtnFunctionalityWithValidCredentials" time="4.33"/>
  <testcase classname="com.swaglabs.testscripts.LoginpageTest" name="verifyLoginBtnFunctionalityWithValidCredentials" time="3.702"/>
  <testcase classname="com.swaglabs.testscripts.LoginpageTest" name="verifyLoginBtnFunctionalityWithValidCredentials" time="3.634"/>
  <testcase classname="com.swaglabs.testscripts.LoginpageTest" name="verifyLoginBtnFunctionalityWithValidCredentials" time="3.753"/>
  <testcase classname="com.swaglabs.testscripts.LoginpageTest" name="verifyLoginBtnFunctionalityWithValidCredentials" time="3.974"/>
  <testcase classname="com.swaglabs.testscripts.LoginpageTest" name="verifyLoginBtnFunctionalityWithValidCredentials" time="3.862"/>
  <testcase classname="com.swaglabs.testscripts.LoginpageTest" name="verifyLoginBtnFunctionalityWithValidCredentials" time="3.911"/>
  <testcase classname="com.swaglabs.testscripts.LoginpageTest" name="verifyLoginBtnFunctionalityWithValidCredentials" time="3.724"/>
  <testcase classname="com.swaglabs.testscripts.LoginpageTest" name="verifyLoginBtnFunctionalityWithValidCredentials" time="3.655"/>
  <testcase classname="com.swaglabs.testscripts.LoginpageTest" name="verifyLoginBtnFunctionalityWithValidCredentials" time="15.616">
    <failure type="java.lang.AssertionError" message="expected [true] but found [false]">
      <![CDATA[java.lang.AssertionError: expected [true] but found [false]
at com.swaglabs.testscripts.LoginpageTest.verifyLoginBtnFunctionalityWithValidCredentials(LoginpageTest.java:114)
at java.base/java.util.ArrayList.forEach(ArrayList.java:1511)
at java.base/java.util.concurrent.FutureTask.run(FutureTask.java:264)
at java.base/java.util.concurrent.ThreadPoolExecutor.runWorker(ThreadPoolExecutor.java:1136)
at java.base/java.util.concurrent.ThreadPoolExecutor$Worker.run(ThreadPoolExecutor.java:635)
at java.base/java.lang.Thread.run(Thread.java:842)
... Removed 21 stack frames]]>
    </failure>
  </testcase> <!-- verifyLoginBtnFunctionalityWithValidCredentials -->
  <testcase classname="com.swaglabs.testscripts.LoginpageTest" name="verifyLoginBtnFunctionalityWithInvalidCredentials" time="0.0">
    <ignored/>
  </testcase> <!-- verifyLoginBtnFunctionalityWithInvalidCredentials -->
  <testcase classname="com.swaglabs.testscripts.LoginpageTest" name="verifyLoginBtnFunctionalityWithBlankUsername" time="0.0">
    <ignored/>
  </testcase> <!-- verifyLoginBtnFunctionalityWithBlankUsername -->
</testsuite> <!-- Test -->
