<?xml version="1.0" encoding="UTF-8"?>
<testng-results ignored="0" total="11" passed="10" failed="1" skipped="0">
  <reporter-output>
    <line>
      <![CDATA[Test Passed Actual Error msg is as Expected : Epic sadface: Password is required]]>
    </line>
    <line>
      <![CDATA[Test Passed Product Title is visible]]>
    </line>
    <line>
      <![CDATA[Test Passed Product Title is visible]]>
    </line>
    <line>
      <![CDATA[Test Passed Product Title is visible]]>
    </line>
    <line>
      <![CDATA[Test Passed Product Title is visible]]>
    </line>
    <line>
      <![CDATA[Test Passed Product Title is visible]]>
    </line>
    <line>
      <![CDATA[Test Passed Product Title is visible]]>
    </line>
    <line>
      <![CDATA[Test Passed Product Title is visible]]>
    </line>
    <line>
      <![CDATA[Test Passed Product Title is visible]]>
    </line>
    <line>
      <![CDATA[Test Passed Product Title is visible]]>
    </line>
  </reporter-output>
  <suite started-at="2026-05-07T21:14:15 IST" name="Suite" finished-at="2026-05-07T21:16:08 IST" duration-ms="113330">
    <groups>
      <group name="smoke">
        <method signature="LoginpageTest.verifyLoginBtnFunctionalityWithBlankPassword()[pri:2, instance:com.swaglabs.testscripts.LoginpageTest@34a3d150]" name="verifyLoginBtnFunctionalityWithBlankPassword" class="com.swaglabs.testscripts.LoginpageTest"/>
        <method signature="LoginpageTest.verifyLoginBtnFunctionalityWithValidCredentials()[pri:4, instance:com.swaglabs.testscripts.LoginpageTest@34a3d150]" name="verifyLoginBtnFunctionalityWithValidCredentials" class="com.swaglabs.testscripts.LoginpageTest"/>
        <method signature="LoginpageTest.verifyLoginBtnFunctionalityWithValidCredentials(java.lang.String,java.lang.String)[pri:5, instance:com.swaglabs.testscripts.LoginpageTest@34a3d150]" name="verifyLoginBtnFunctionalityWithValidCredentials" class="com.swaglabs.testscripts.LoginpageTest"/>
      </group> <!-- smoke -->
    </groups>
    <test started-at="2026-05-07T21:14:15 IST" name="Test" finished-at="2026-05-07T21:16:08 IST" duration-ms="113330">
      <class name="com.swaglabs.testscripts.LoginpageTest">
        <test-method is-config="true" signature="setup(java.lang.String)[pri:0, instance:com.swaglabs.testscripts.LoginpageTest@34a3d150]" started-at="2026-05-07T21:14:15 IST" name="setup" finished-at="2026-05-07T21:14:19 IST" duration-ms="3722" status="PASS">
          <params>
            <param index="0">
              <value>
                <![CDATA[chrome]]>
              </value>
            </param>
          </params>
          <reporter-output>
          </reporter-output>
        </test-method> <!-- setup -->
        <test-method signature="verifyLoginBtnFunctionalityWithBlankPassword()[pri:2, instance:com.swaglabs.testscripts.LoginpageTest@34a3d150]" started-at="2026-05-07T21:14:19 IST" name="verifyLoginBtnFunctionalityWithBlankPassword" finished-at="2026-05-07T21:14:24 IST" duration-ms="4766" status="PASS">
          <reporter-output>
            <line>
              <![CDATA[Test Passed Actual Error msg is as Expected : Epic sadface: Password is required]]>
            </line>
          </reporter-output>
        </test-method> <!-- verifyLoginBtnFunctionalityWithBlankPassword -->
        <test-method is-config="true" signature="setup(java.lang.String)[pri:0, instance:com.swaglabs.testscripts.LoginpageTest@34a3d150]" started-at="2026-05-07T21:14:24 IST" name="setup" finished-at="2026-05-07T21:14:25 IST" duration-ms="1472" status="PASS">
          <params>
            <param index="0">
              <value>
                <![CDATA[chrome]]>
              </value>
            </param>
          </params>
          <reporter-output>
          </reporter-output>
        </test-method> <!-- setup -->
        <test-method signature="verifyLoginBtnFunctionalityWithValidCredentials()[pri:4, instance:com.swaglabs.testscripts.LoginpageTest@34a3d150]" started-at="2026-05-07T21:14:25 IST" name="verifyLoginBtnFunctionalityWithValidCredentials" finished-at="2026-05-07T21:14:29 IST" duration-ms="4330" status="PASS">
          <reporter-output>
            <line>
              <![CDATA[Test Passed Product Title is visible]]>
            </line>
          </reporter-output>
        </test-method> <!-- verifyLoginBtnFunctionalityWithValidCredentials -->
        <test-method is-config="true" signature="setup(java.lang.String)[pri:0, instance:com.swaglabs.testscripts.LoginpageTest@34a3d150]" started-at="2026-05-07T21:14:29 IST" name="setup" finished-at="2026-05-07T21:14:33 IST" duration-ms="3928" status="PASS">
          <params>
            <param index="0">
              <value>
                <![CDATA[chrome]]>
              </value>
            </param>
          </params>
          <reporter-output>
          </reporter-output>
        </test-method> <!-- setup -->
        <test-method signature="verifyLoginBtnFunctionalityWithValidCredentials(java.lang.String,java.lang.String)[pri:5, instance:com.swaglabs.testscripts.LoginpageTest@34a3d150]" started-at="2026-05-07T21:14:33 IST" name="verifyLoginBtnFunctionalityWithValidCredentials" data-provider="logindata" finished-at="2026-05-07T21:14:37 IST" duration-ms="3702" status="PASS">
          <params>
            <param index="0">
              <value>
                <![CDATA[standard_user]]>
              </value>
            </param>
            <param index="1">
              <value>
                <![CDATA[secret_sauce]]>
              </value>
            </param>
          </params>
          <reporter-output>
            <line>
              <![CDATA[Test Passed Product Title is visible]]>
            </line>
          </reporter-output>
        </test-method> <!-- verifyLoginBtnFunctionalityWithValidCredentials -->
        <test-method is-config="true" signature="setup(java.lang.String)[pri:0, instance:com.swaglabs.testscripts.LoginpageTest@34a3d150]" started-at="2026-05-07T21:14:37 IST" name="setup" finished-at="2026-05-07T21:14:41 IST" duration-ms="3740" status="PASS">
          <params>
            <param index="0">
              <value>
                <![CDATA[chrome]]>
              </value>
            </param>
          </params>
          <reporter-output>
          </reporter-output>
        </test-method> <!-- setup -->
        <test-method signature="verifyLoginBtnFunctionalityWithValidCredentials(java.lang.String,java.lang.String)[pri:5, instance:com.swaglabs.testscripts.LoginpageTest@34a3d150]" started-at="2026-05-07T21:14:41 IST" name="verifyLoginBtnFunctionalityWithValidCredentials" data-provider="logindata" finished-at="2026-05-07T21:14:44 IST" duration-ms="3634" status="PASS">
          <params>
            <param index="0">
              <value>
                <![CDATA[standard_user]]>
              </value>
            </param>
            <param index="1">
              <value>
                <![CDATA[secret_sauce]]>
              </value>
            </param>
          </params>
          <reporter-output>
            <line>
              <![CDATA[Test Passed Product Title is visible]]>
            </line>
          </reporter-output>
        </test-method> <!-- verifyLoginBtnFunctionalityWithValidCredentials -->
        <test-method is-config="true" signature="setup(java.lang.String)[pri:0, instance:com.swaglabs.testscripts.LoginpageTest@34a3d150]" started-at="2026-05-07T21:14:44 IST" name="setup" finished-at="2026-05-07T21:14:54 IST" duration-ms="9877" status="PASS">
          <params>
            <param index="0">
              <value>
                <![CDATA[chrome]]>
              </value>
            </param>
          </params>
          <reporter-output>
          </reporter-output>
        </test-method> <!-- setup -->
        <test-method signature="verifyLoginBtnFunctionalityWithValidCredentials(java.lang.String,java.lang.String)[pri:5, instance:com.swaglabs.testscripts.LoginpageTest@34a3d150]" started-at="2026-05-07T21:14:54 IST" name="verifyLoginBtnFunctionalityWithValidCredentials" data-provider="logindata" finished-at="2026-05-07T21:14:58 IST" duration-ms="3753" status="PASS">
          <params>
            <param index="0">
              <value>
                <![CDATA[standard_user]]>
              </value>
            </param>
            <param index="1">
              <value>
                <![CDATA[secret_sauce]]>
              </value>
            </param>
          </params>
          <reporter-output>
            <line>
              <![CDATA[Test Passed Product Title is visible]]>
            </line>
          </reporter-output>
        </test-method> <!-- verifyLoginBtnFunctionalityWithValidCredentials -->
        <test-method is-config="true" signature="setup(java.lang.String)[pri:0, instance:com.swaglabs.testscripts.LoginpageTest@34a3d150]" started-at="2026-05-07T21:14:58 IST" name="setup" finished-at="2026-05-07T21:15:03 IST" duration-ms="5325" status="PASS">
          <params>
            <param index="0">
              <value>
                <![CDATA[chrome]]>
              </value>
            </param>
          </params>
          <reporter-output>
          </reporter-output>
        </test-method> <!-- setup -->
        <test-method signature="verifyLoginBtnFunctionalityWithValidCredentials(java.lang.String,java.lang.String)[pri:5, instance:com.swaglabs.testscripts.LoginpageTest@34a3d150]" started-at="2026-05-07T21:15:03 IST" name="verifyLoginBtnFunctionalityWithValidCredentials" data-provider="logindata" finished-at="2026-05-07T21:15:07 IST" duration-ms="3974" status="PASS">
          <params>
            <param index="0">
              <value>
                <![CDATA[standard_user]]>
              </value>
            </param>
            <param index="1">
              <value>
                <![CDATA[secret_sauce]]>
              </value>
            </param>
          </params>
          <reporter-output>
            <line>
              <![CDATA[Test Passed Product Title is visible]]>
            </line>
          </reporter-output>
        </test-method> <!-- verifyLoginBtnFunctionalityWithValidCredentials -->
        <test-method is-config="true" signature="setup(java.lang.String)[pri:0, instance:com.swaglabs.testscripts.LoginpageTest@34a3d150]" started-at="2026-05-07T21:15:07 IST" name="setup" finished-at="2026-05-07T21:15:13 IST" duration-ms="6119" status="PASS">
          <params>
            <param index="0">
              <value>
                <![CDATA[chrome]]>
              </value>
            </param>
          </params>
          <reporter-output>
          </reporter-output>
        </test-method> <!-- setup -->
        <test-method signature="verifyLoginBtnFunctionalityWithValidCredentials(java.lang.String,java.lang.String)[pri:5, instance:com.swaglabs.testscripts.LoginpageTest@34a3d150]" started-at="2026-05-07T21:15:13 IST" name="verifyLoginBtnFunctionalityWithValidCredentials" data-provider="logindata" finished-at="2026-05-07T21:15:17 IST" duration-ms="3862" status="PASS">
          <params>
            <param index="0">
              <value>
                <![CDATA[standard_user]]>
              </value>
            </param>
            <param index="1">
              <value>
                <![CDATA[secret_sauce]]>
              </value>
            </param>
          </params>
          <reporter-output>
            <line>
              <![CDATA[Test Passed Product Title is visible]]>
            </line>
          </reporter-output>
        </test-method> <!-- verifyLoginBtnFunctionalityWithValidCredentials -->
        <test-method is-config="true" signature="setup(java.lang.String)[pri:0, instance:com.swaglabs.testscripts.LoginpageTest@34a3d150]" started-at="2026-05-07T21:15:17 IST" name="setup" finished-at="2026-05-07T21:15:22 IST" duration-ms="5091" status="PASS">
          <params>
            <param index="0">
              <value>
                <![CDATA[chrome]]>
              </value>
            </param>
          </params>
          <reporter-output>
          </reporter-output>
        </test-method> <!-- setup -->
        <test-method signature="verifyLoginBtnFunctionalityWithValidCredentials(java.lang.String,java.lang.String)[pri:5, instance:com.swaglabs.testscripts.LoginpageTest@34a3d150]" started-at="2026-05-07T21:15:22 IST" name="verifyLoginBtnFunctionalityWithValidCredentials" data-provider="logindata" finished-at="2026-05-07T21:15:26 IST" duration-ms="3911" status="PASS">
          <params>
            <param index="0">
              <value>
                <![CDATA[standard_user]]>
              </value>
            </param>
            <param index="1">
              <value>
                <![CDATA[secret_sauce]]>
              </value>
            </param>
          </params>
          <reporter-output>
            <line>
              <![CDATA[Test Passed Product Title is visible]]>
            </line>
          </reporter-output>
        </test-method> <!-- verifyLoginBtnFunctionalityWithValidCredentials -->
        <test-method is-config="true" signature="setup(java.lang.String)[pri:0, instance:com.swaglabs.testscripts.LoginpageTest@34a3d150]" started-at="2026-05-07T21:15:26 IST" name="setup" finished-at="2026-05-07T21:15:31 IST" duration-ms="4894" status="PASS">
          <params>
            <param index="0">
              <value>
                <![CDATA[chrome]]>
              </value>
            </param>
          </params>
          <reporter-output>
          </reporter-output>
        </test-method> <!-- setup -->
        <test-method signature="verifyLoginBtnFunctionalityWithValidCredentials(java.lang.String,java.lang.String)[pri:5, instance:com.swaglabs.testscripts.LoginpageTest@34a3d150]" started-at="2026-05-07T21:15:31 IST" name="verifyLoginBtnFunctionalityWithValidCredentials" data-provider="logindata" finished-at="2026-05-07T21:15:35 IST" duration-ms="3724" status="PASS">
          <params>
            <param index="0">
              <value>
                <![CDATA[standard_user]]>
              </value>
            </param>
            <param index="1">
              <value>
                <![CDATA[secret_sauce]]>
              </value>
            </param>
          </params>
          <reporter-output>
            <line>
              <![CDATA[Test Passed Product Title is visible]]>
            </line>
          </reporter-output>
        </test-method> <!-- verifyLoginBtnFunctionalityWithValidCredentials -->
        <test-method is-config="true" signature="setup(java.lang.String)[pri:0, instance:com.swaglabs.testscripts.LoginpageTest@34a3d150]" started-at="2026-05-07T21:15:35 IST" name="setup" finished-at="2026-05-07T21:15:41 IST" duration-ms="5533" status="PASS">
          <params>
            <param index="0">
              <value>
                <![CDATA[chrome]]>
              </value>
            </param>
          </params>
          <reporter-output>
          </reporter-output>
        </test-method> <!-- setup -->
        <test-method signature="verifyLoginBtnFunctionalityWithValidCredentials(java.lang.String,java.lang.String)[pri:5, instance:com.swaglabs.testscripts.LoginpageTest@34a3d150]" started-at="2026-05-07T21:15:41 IST" name="verifyLoginBtnFunctionalityWithValidCredentials" data-provider="logindata" finished-at="2026-05-07T21:15:44 IST" duration-ms="3655" status="PASS">
          <params>
            <param index="0">
              <value>
                <![CDATA[standard_user]]>
              </value>
            </param>
            <param index="1">
              <value>
                <![CDATA[secret_sauce]]>
              </value>
            </param>
          </params>
          <reporter-output>
            <line>
              <![CDATA[Test Passed Product Title is visible]]>
            </line>
          </reporter-output>
        </test-method> <!-- verifyLoginBtnFunctionalityWithValidCredentials -->
        <test-method is-config="true" signature="setup(java.lang.String)[pri:0, instance:com.swaglabs.testscripts.LoginpageTest@34a3d150]" started-at="2026-05-07T21:15:44 IST" name="setup" finished-at="2026-05-07T21:15:53 IST" duration-ms="8474" status="PASS">
          <params>
            <param index="0">
              <value>
                <![CDATA[chrome]]>
              </value>
            </param>
          </params>
          <reporter-output>
          </reporter-output>
        </test-method> <!-- setup -->
        <test-method signature="verifyLoginBtnFunctionalityWithValidCredentials(java.lang.String,java.lang.String)[pri:5, instance:com.swaglabs.testscripts.LoginpageTest@34a3d150]" started-at="2026-05-07T21:15:53 IST" name="verifyLoginBtnFunctionalityWithValidCredentials" data-provider="logindata" finished-at="2026-05-07T21:16:08 IST" duration-ms="15616" status="FAIL">
          <params>
            <param index="0">
              <value>
                <![CDATA[ASSDSAF]]>
              </value>
            </param>
            <param index="1">
              <value>
                <![CDATA[ghghghg]]>
              </value>
            </param>
          </params>
          <exception class="java.lang.AssertionError">
            <message>
              <![CDATA[expected [true] but found [false]]]>
            </message>
            <full-stacktrace>
              <![CDATA[java.lang.AssertionError: expected [true] but found [false]
at org.testng.Assert.fail(Assert.java:111)
at org.testng.Assert.failNotEquals(Assert.java:1578)
at org.testng.Assert.assertTrue(Assert.java:57)
at org.testng.Assert.assertTrue(Assert.java:67)
at com.swaglabs.testscripts.LoginpageTest.verifyLoginBtnFunctionalityWithValidCredentials(LoginpageTest.java:114)
at java.base/jdk.internal.reflect.NativeMethodAccessorImpl.invoke0(Native Method)
at java.base/jdk.internal.reflect.NativeMethodAccessorImpl.invoke(NativeMethodAccessorImpl.java:77)
at java.base/jdk.internal.reflect.DelegatingMethodAccessorImpl.invoke(DelegatingMethodAccessorImpl.java:43)
at java.base/java.lang.reflect.Method.invoke(Method.java:568)
at org.testng.internal.invokers.MethodInvocationHelper.invokeMethod(MethodInvocationHelper.java:139)
at org.testng.internal.invokers.TestInvoker.invokeMethod(TestInvoker.java:664)
at org.testng.internal.invokers.TestInvoker.invokeTestMethod(TestInvoker.java:228)
at org.testng.internal.invokers.MethodRunner.runInSequence(MethodRunner.java:63)
at org.testng.internal.invokers.TestInvoker$MethodInvocationAgent.invoke(TestInvoker.java:961)
at org.testng.internal.invokers.TestInvoker.invokeTestMethods(TestInvoker.java:201)
at org.testng.internal.invokers.TestMethodWorker.invokeTestMethods(TestMethodWorker.java:148)
at org.testng.internal.invokers.TestMethodWorker.run(TestMethodWorker.java:128)
at java.base/java.util.ArrayList.forEach(ArrayList.java:1511)
at org.testng.TestRunner.privateRun(TestRunner.java:819)
at org.testng.TestRunner.run(TestRunner.java:619)
at org.testng.SuiteRunner.runTest(SuiteRunner.java:443)
at org.testng.SuiteRunner$SuiteWorker.run(SuiteRunner.java:481)
at org.testng.internal.thread.ThreadUtil.lambda$execute$0(ThreadUtil.java:58)
at java.base/java.util.concurrent.FutureTask.run(FutureTask.java:264)
at java.base/java.util.concurrent.ThreadPoolExecutor.runWorker(ThreadPoolExecutor.java:1136)
at java.base/java.util.concurrent.ThreadPoolExecutor$Worker.run(ThreadPoolExecutor.java:635)
at java.base/java.lang.Thread.run(Thread.java:842)
]]>
            </full-stacktrace>
          </exception> <!-- java.lang.AssertionError -->
          <reporter-output>
          </reporter-output>
        </test-method> <!-- verifyLoginBtnFunctionalityWithValidCredentials -->
      </class> <!-- com.swaglabs.testscripts.LoginpageTest -->
    </test> <!-- Test -->
  </suite> <!-- Suite -->
</testng-results>
