<?xml version="1.0" encoding="UTF-8"?>
<!-- Generated by org.testng.reporters.JUnitReportReporter -->
<testsuite hostname="DESKTOP-I16IA9O" failures="1" tests="11" name="com.swaglabs.testscripts.LoginpageTest" time="113.102" errors="0" timestamp="2026-05-07T21:16:09 IST" skipped="0">
  <testcase classname="com.swaglabs.testscripts.LoginpageTest" name="verifyLoginBtnFunctionalityWithBlankPassword" time="10.885">
    <system-out>
      <![CDATA[Test Passed Actual Error msg is as Expected : Epic sadface: Password is required]]>
    </system-out>
  </testcase> <!-- verifyLoginBtnFunctionalityWithBlankPassword -->
  <testcase classname="com.swaglabs.testscripts.LoginpageTest" name="verifyLoginBtnFunctionalityWithValidCredentials" time="8.052">
    <system-out>
      <![CDATA[Test Passed Product Title is visible]]>
    </system-out>
  </testcase> <!-- verifyLoginBtnFunctionalityWithValidCredentials -->
  <testcase classname="com.swaglabs.testscripts.LoginpageTest" name="verifyLoginBtnFunctionalityWithValidCredentials" time="9.065">
    <system-out>
      <![CDATA[Test Passed Product Title is visible]]>
    </system-out>
  </testcase> <!-- verifyLoginBtnFunctionalityWithValidCredentials -->
  <testcase classname="com.swaglabs.testscripts.LoginpageTest" name="verifyLoginBtnFunctionalityWithValidCredentials" time="8.528">
    <system-out>
      <![CDATA[Test Passed Product Title is visible]]>
    </system-out>
  </testcase> <!-- verifyLoginBtnFunctionalityWithValidCredentials -->
  <testcase classname="com.swaglabs.testscripts.LoginpageTest" name="verifyLoginBtnFunctionalityWithValidCredentials" time="13.630">
    <system-out>
      <![CDATA[Test Passed Product Title is visible]]>
    </system-out>
  </testcase> <!-- verifyLoginBtnFunctionalityWithValidCredentials -->
  <testcase classname="com.swaglabs.testscripts.LoginpageTest" name="verifyLoginBtnFunctionalityWithValidCredentials" time="5.383">
    <system-out>
      <![CDATA[Test Passed Product Title is visible]]>
    </system-out>
  </testcase> <!-- verifyLoginBtnFunctionalityWithValidCredentials -->
  <testcase classname="com.swaglabs.testscripts.LoginpageTest" name="verifyLoginBtnFunctionalityWithValidCredentials" time="21.149">
    <failure message="expected [true] but found [false]" type="java.lang.AssertionError">
      <![CDATA[java.lang.AssertionError: expected [true] but found [false]
at org.testng.Assert.fail(Assert.java:111)
at org.testng.Assert.failNotEquals(Assert.java:1578)
at org.testng.Assert.assertTrue(Assert.java:57)
at org.testng.Assert.assertTrue(Assert.java:67)
at com.swaglabs.testscripts.LoginpageTest.verifyLoginBtnFunctionalityWithValidCredentials(LoginpageTest.java:114)
at java.base/jdk.internal.reflect.NativeMethodAccessorImpl.invoke0(Native Method)
at java.base/jdk.internal.reflect.NativeMethodAccessorImpl.invoke(NativeMethodAccessorImpl.java:77)
at java.base/jdk.internal.reflect.DelegatingMethodAccessorImpl.invoke(DelegatingMethodAccessorImpl.java:43)
at java.base/java.lang.reflect.Method.invoke(Method.java:568)
at org.testng.internal.invokers.MethodInvocationHelper.invokeMethod(MethodInvocationHelper.java:139)
at org.testng.internal.invokers.TestInvoker.invokeMethod(TestInvoker.java:664)
at org.testng.internal.invokers.TestInvoker.invokeTestMethod(TestInvoker.java:228)
at org.testng.internal.invokers.MethodRunner.runInSequence(MethodRunner.java:63)
at org.testng.internal.invokers.TestInvoker$MethodInvocationAgent.invoke(TestInvoker.java:961)
at org.testng.internal.invokers.TestInvoker.invokeTestMethods(TestInvoker.java:201)
at org.testng.internal.invokers.TestMethodWorker.invokeTestMethods(TestMethodWorker.java:148)
at org.testng.internal.invokers.TestMethodWorker.run(TestMethodWorker.java:128)
at java.base/java.util.ArrayList.forEach(ArrayList.java:1511)
at org.testng.TestRunner.privateRun(TestRunner.java:819)
at org.testng.TestRunner.run(TestRunner.java:619)
at org.testng.SuiteRunner.runTest(SuiteRunner.java:443)
at org.testng.SuiteRunner$SuiteWorker.run(SuiteRunner.java:481)
at org.testng.internal.thread.ThreadUtil.lambda$execute$0(ThreadUtil.java:58)
at java.base/java.util.concurrent.FutureTask.run(FutureTask.java:264)
at java.base/java.util.concurrent.ThreadPoolExecutor.runWorker(ThreadPoolExecutor.java:1136)
at java.base/java.util.concurrent.ThreadPoolExecutor$Worker.run(ThreadPoolExecutor.java:635)
at java.base/java.lang.Thread.run(Thread.java:842)
]]>
    </failure>
  </testcase> <!-- verifyLoginBtnFunctionalityWithValidCredentials -->
  <testcase classname="com.swaglabs.testscripts.LoginpageTest" name="verifyLoginBtnFunctionalityWithValidCredentials" time="7.630">
    <system-out>
      <![CDATA[Test Passed Product Title is visible]]>
    </system-out>
  </testcase> <!-- verifyLoginBtnFunctionalityWithValidCredentials -->
  <testcase classname="com.swaglabs.testscripts.LoginpageTest" name="verifyLoginBtnFunctionalityWithValidCredentials" time="7.464">
    <system-out>
      <![CDATA[Test Passed Product Title is visible]]>
    </system-out>
  </testcase> <!-- verifyLoginBtnFunctionalityWithValidCredentials -->
  <testcase classname="com.swaglabs.testscripts.LoginpageTest" name="verifyLoginBtnFunctionalityWithValidCredentials" time="9.187">
    <system-out>
      <![CDATA[Test Passed Product Title is visible]]>
    </system-out>
  </testcase> <!-- verifyLoginBtnFunctionalityWithValidCredentials -->
  <testcase classname="com.swaglabs.testscripts.LoginpageTest" name="verifyLoginBtnFunctionalityWithValidCredentials" time="12.129">
    <system-out>
      <![CDATA[Test Passed Product Title is visible]]>
    </system-out>
  </testcase> <!-- verifyLoginBtnFunctionalityWithValidCredentials -->
  <system-out>
    <![CDATA[Test Passed Actual Error msg is as Expected : Epic sadface: Password is required
Test Passed Product Title is visible
Test Passed Product Title is visible
Test Passed Product Title is visible
Test Passed Product Title is visible
Test Passed Product Title is visible
Test Passed Product Title is visible
Test Passed Product Title is visible
Test Passed Product Title is visible
Test Passed Product Title is visible]]>
  </system-out>
</testsuite> <!-- com.swaglabs.testscripts.LoginpageTest -->
